[2025-11-21T02:20:05.177+0000] {taskinstance.py:1159} INFO - Dependencies all met for dep_context=non-requeueable deps ti=<TaskInstance: build_reviewer_profiles.download_clean_data manual__2025-11-21T02:20:04.661379+00:00 [queued]>
[2025-11-21T02:20:05.179+0000] {taskinstance.py:1159} INFO - Dependencies all met for dep_context=requeueable deps ti=<TaskInstance: build_reviewer_profiles.download_clean_data manual__2025-11-21T02:20:04.661379+00:00 [queued]>
[2025-11-21T02:20:05.180+0000] {taskinstance.py:1361} INFO - Starting attempt 1 of 1
[2025-11-21T02:20:05.184+0000] {taskinstance.py:1382} INFO - Executing <Task(PythonOperator): download_clean_data> on 2025-11-21 02:20:04.661379+00:00
[2025-11-21T02:20:05.186+0000] {standard_task_runner.py:57} INFO - Started process 176 to run task
[2025-11-21T02:20:05.187+0000] {standard_task_runner.py:84} INFO - Running: ['airflow', 'tasks', 'run', 'build_reviewer_profiles', 'download_clean_data', 'manual__2025-11-21T02:20:04.661379+00:00', '--job-id', '3', '--raw', '--subdir', 'DAGS_FOLDER/build_reviewer_profiles.py', '--cfg-path', '/tmp/tmpcmynq03e']
[2025-11-21T02:20:05.189+0000] {standard_task_runner.py:85} INFO - Job 3: Subtask download_clean_data
[2025-11-21T02:20:05.212+0000] {task_command.py:416} INFO - Running <TaskInstance: build_reviewer_profiles.download_clean_data manual__2025-11-21T02:20:04.661379+00:00 [running]> on host dff2c0d56197
[2025-11-21T02:20:05.247+0000] {taskinstance.py:1662} INFO - Exporting env vars: AIRFLOW_CTX_DAG_OWNER='airflow' AIRFLOW_CTX_DAG_ID='build_reviewer_profiles' AIRFLOW_CTX_TASK_ID='download_clean_data' AIRFLOW_CTX_EXECUTION_DATE='2025-11-21T02:20:04.661379+00:00' AIRFLOW_CTX_TRY_NUMBER='1' AIRFLOW_CTX_DAG_RUN_ID='manual__2025-11-21T02:20:04.661379+00:00'
[2025-11-21T02:20:07.433+0000] {logging_mixin.py:154} INFO - Downloading users and reviews from S3...
[2025-11-21T02:20:07.434+0000] {taskinstance.py:1937} ERROR - Task failed with exception
Traceback (most recent call last):
  File "/home/airflow/.local/lib/python3.11/site-packages/airflow/operators/python.py", line 192, in execute
    return_value = self.execute_callable()
                   ^^^^^^^^^^^^^^^^^^^^^^^
  File "/home/airflow/.local/lib/python3.11/site-packages/airflow/operators/python.py", line 209, in execute_callable
    return self.python_callable(*self.op_args, **self.op_kwargs)
           ^^^^^^^^^^^^^^^^^^^^^^^^^^^^^^^^^^^^^^^^^^^^^^^^^^^^^
  File "/opt/airflow/dags/build_reviewer_profiles.py", line 23, in download_clean_data
    obj = s3.get_object(Bucket=bucket, Key='users_clean.parquet')
          ^^^^^^^^^^^^^^^^^^^^^^^^^^^^^^^^^^^^^^^^^^^^^^^^^^^^^^^
  File "/home/airflow/.local/lib/python3.11/site-packages/botocore/client.py", line 535, in _api_call
    return self._make_api_call(operation_name, kwargs)
           ^^^^^^^^^^^^^^^^^^^^^^^^^^^^^^^^^^^^^^^^^^^
  File "/home/airflow/.local/lib/python3.11/site-packages/botocore/client.py", line 928, in _make_api_call
    api_params = self._emit_api_params(
                 ^^^^^^^^^^^^^^^^^^^^^^
  File "/home/airflow/.local/lib/python3.11/site-packages/botocore/client.py", line 1043, in _emit_api_params
    self.meta.events.emit(
  File "/home/airflow/.local/lib/python3.11/site-packages/botocore/hooks.py", line 412, in emit
    return self._emitter.emit(aliased_event_name, **kwargs)
           ^^^^^^^^^^^^^^^^^^^^^^^^^^^^^^^^^^^^^^^^^^^^^^^^
  File "/home/airflow/.local/lib/python3.11/site-packages/botocore/hooks.py", line 256, in emit
    return self._emit(event_name, kwargs)
           ^^^^^^^^^^^^^^^^^^^^^^^^^^^^^^
  File "/home/airflow/.local/lib/python3.11/site-packages/botocore/hooks.py", line 239, in _emit
    response = handler(**kwargs)
               ^^^^^^^^^^^^^^^^^
  File "/home/airflow/.local/lib/python3.11/site-packages/botocore/handlers.py", line 278, in validate_bucket_name
    if not VALID_BUCKET.search(bucket) and not VALID_S3_ARN.search(bucket):
           ^^^^^^^^^^^^^^^^^^^^^^^^^^^
TypeError: expected string or bytes-like object, got 'NoneType'
[2025-11-21T02:20:07.439+0000] {taskinstance.py:1400} INFO - Marking task as FAILED. dag_id=build_reviewer_profiles, task_id=download_clean_data, execution_date=20251121T022004, start_date=20251121T022005, end_date=20251121T022007
[2025-11-21T02:20:07.444+0000] {standard_task_runner.py:104} ERROR - Failed to execute job 3 for task download_clean_data (expected string or bytes-like object, got 'NoneType'; 176)
[2025-11-21T02:20:07.462+0000] {local_task_job_runner.py:228} INFO - Task exited with return code 1
[2025-11-21T02:20:07.473+0000] {taskinstance.py:2778} INFO - 0 downstream tasks scheduled from follow-on schedule check
